[3/2/2011 1:11:20] /reload actions
[3/2/2011 1:14:8] /reload all
[3/2/2011 1:14:32] /reload actions
[3/2/2011 1:23:27] /reload all
[3/2/2011 1:27:38] /n rope 1
[3/2/2011 1:27:44] /i rope 1
[3/2/2011 1:27:49] /i rope
[3/2/2011 1:27:58] /town aracura
[3/2/2011 1:32:7] /reload actions
[3/2/2011 1:32:10] /town quendor
[3/2/2011 1:32:46] /reload actions
[3/2/2011 1:35:34] /reload actions
[3/2/2011 1:41:17] /i 2160 100
[3/2/2011 1:41:21] /i 2160 100
[3/2/2011 1:41:29] /i crystal coin 100
[3/2/2011 1:41:34] /i cristal coin 100
[3/2/2011 1:41:37] /i cristal coin
[3/2/2011 1:43:8] /i 2160,100
[3/2/2011 1:46:35] /reload npcs
[3/2/2011 22:21:2] /reload npcs
[3/2/2011 22:30:4] /reload npcs
[3/2/2011 22:38:23] /reload npcs
[3/2/2011 22:40:19] /reload npcs
[3/2/2011 23:30:7] /reload npcs
[3/2/2011 23:32:4] /reload npcs
[3/2/2011 23:33:12] /reload npcs
[4/2/2011 0:26:50] /reload npcs
[4/2/2011 0:29:32] /reload npcs
[4/2/2011 0:30:20] /reload npcs
[4/2/2011 0:36:26] /reload npcs
[4/2/2011 0:41:15] /reload npcs
[4/2/2011 0:47:28] /town aracura
[4/2/2011 0:47:43] /n backpack 1
[4/2/2011 0:47:47] /n backpack, 1
[4/2/2011 0:47:52] /n backpack
[4/2/2011 0:47:58] /i backpack
[4/2/2011 0:48:17] /i 2160, 100
[4/2/2011 0:50:2] /town island of peace
[4/2/2011 0:51:51] /reload npcs
[4/2/2011 0:53:22] /reload npcs
[4/2/2011 0:54:43] /town island of peace
[4/2/2011 0:59:43] /reload npcs
[4/2/2011 1:1:15] /reload npcs
[4/2/2011 1:1:17] /reload all
[4/2/2011 1:1:45] /reload npcs
[4/2/2011 1:1:46] /reload all
[4/2/2011 1:37:31] /reload npcs
[4/2/2011 1:57:58] /reload npcs
[4/2/2011 13:44:11] /reload groups
[4/2/2011 19:50:57] /town thorn
[4/2/2011 20:58:5] /reload lib
[4/2/2011 20:58:8] /reload all
[4/2/2011 20:58:12] /reload npcs
[5/2/2011 0:57:5] /town island of peace
[5/2/2011 0:58:36] /town island of peace
[5/2/2011 1:19:24] /reload npcs
