[9/2/2011 21:48:58] Slash: legal
[9/2/2011 22:0:30] Slash: ola
[9/2/2011 22:27:49] Slash: ava
[9/2/2011 22:28:53] Slash: /porra loca
[9/2/2011 22:31:15] Slash: que porra loca
[9/2/2011 22:38:56] Slash: ala
[9/2/2011 23:2:28] Slash: ava
[9/2/2011 23:2:40] Slash: ava
[9/2/2011 23:3:37] Slash: afff
[9/2/2011 23:13:39] Slash: affe
[9/2/2011 23:13:43] Slash: Dahora!!!
[11/2/2011 18:34:47] The Admin: kralho
[11/2/2011 18:35:5] The Admin: q merdaaaa
[11/2/2011 18:36:37] The Admin: affe
[11/2/2011 18:39:50] The Admin: ava
[11/2/2011 18:39:52] The Admin: q merda
[11/2/2011 18:39:53] The Admin: porra
[11/2/2011 18:39:57] Lancelot Drukein: q leg
[11/2/2011 18:39:59] Lancelot Drukein: affe
[11/2/2011 18:40:1] Lancelot Drukein: porra
[11/2/2011 18:40:4] Lancelot Drukein: qq é isso
[11/2/2011 18:41:8] Lancelot Drukein: affe
[11/2/2011 18:41:9] Lancelot Drukein: q merda
[11/2/2011 18:41:9] Lancelot Drukein: porra
[11/2/2011 18:42:6] Lancelot Drukein: affe
[11/2/2011 18:42:6] Lancelot Drukein: affe
[11/2/2011 18:42:8] Lancelot Drukein: affe
[11/2/2011 18:43:54] The Admin: affe
[11/2/2011 18:43:55] The Admin: affe
[11/2/2011 18:43:55] The Admin: affe
[11/2/2011 18:43:58] Lancelot Drukein: affe
